helloSdlAndroid/build/outputs/logs/manifest-merger-debug-report.txt
-- Merging decision tree log ---
manifest
ADDED from src/main/AndroidManifest.xml:2:1-75:12
	package
		ADDED from src/main/AndroidManifest.xml:3:5-38
		INJECTED from src/main/AndroidManifest.xml
		INJECTED from src/main/AndroidManifest.xml
	android:versionName
		ADDED from src/main/AndroidManifest.xml:5:5-30
		INJECTED from src/main/AndroidManifest.xml
		INJECTED from src/main/AndroidManifest.xml
	android:versionCode
		ADDED from src/main/AndroidManifest.xml:4:5-28
		INJECTED from src/main/AndroidManifest.xml
		INJECTED from src/main/AndroidManifest.xml
	xmlns:android
		ADDED from src/main/AndroidManifest.xml:2:11-69
uses-sdk
ADDED from src/main/AndroidManifest.xml:7:5-9:41
MERGED from [AndroidSDLHello:sdl_android_lib:unspecified] AndroidManifest.xml:5:5-7:40
MERGED from [com.android.support:design:22.2.1] AndroidManifest.xml:20:5-43
MERGED from [com.android.support:appcompat-v7:22.2.1] AndroidManifest.xml:20:5-43
MERGED from [com.android.support:support-v4:22.2.1] AndroidManifest.xml:20:5-43
	android:targetSdkVersion
		ADDED from src/main/AndroidManifest.xml:9:9-38
		INJECTED from src/main/AndroidManifest.xml
		INJECTED from src/main/AndroidManifest.xml
	android:minSdkVersion
		ADDED from src/main/AndroidManifest.xml:8:9-34
		INJECTED from src/main/AndroidManifest.xml
		INJECTED from src/main/AndroidManifest.xml
uses-permission#android.permission.BLUETOOTH
ADDED from src/main/AndroidManifest.xml:11:5-68
	android:name
		ADDED from src/main/AndroidManifest.xml:11:22-65
uses-permission#android.permission.INTERNET
ADDED from src/main/AndroidManifest.xml:12:5-67
	android:name
		ADDED from src/main/AndroidManifest.xml:12:22-64
uses-permission#android.permission.ACCESS_NETWORK_STATE
ADDED from src/main/AndroidManifest.xml:14:5-79
	android:name
		ADDED from src/main/AndroidManifest.xml:14:22-76
uses-permission#android.permission.WRITE_EXTERNAL_STORAGE
ADDED from src/main/AndroidManifest.xml:15:5-81
	android:name
		ADDED from src/main/AndroidManifest.xml:15:22-78
uses-permission#android.permission.RECORD_AUDIO
ADDED from src/main/AndroidManifest.xml:16:5-71
	android:name
		ADDED from src/main/AndroidManifest.xml:16:22-68
uses-permission#android.permission.READ_PHONE_STATE
ADDED from src/main/AndroidManifest.xml:17:5-75
	android:name
		ADDED from src/main/AndroidManifest.xml:17:22-72
uses-permission#android.permission.READ_EXTERNAL_STORAGE
ADDED from src/main/AndroidManifest.xml:18:5-80
	android:name
		ADDED from src/main/AndroidManifest.xml:18:22-77
application
ADDED from src/main/AndroidManifest.xml:20:5-73:19
MERGED from [AndroidSDLHello:sdl_android_lib:unspecified] AndroidManifest.xml:9:5-46
MERGED from [com.android.support:design:22.2.1] AndroidManifest.xml:22:5-20
MERGED from [com.android.support:appcompat-v7:22.2.1] AndroidManifest.xml:22:5-20
MERGED from [com.android.support:support-v4:22.2.1] AndroidManifest.xml:22:5-20
	android:label
		ADDED from src/main/AndroidManifest.xml:24:9-41
	android:debuggable
		ADDED from [AndroidSDLHello:sdl_android_lib:unspecified] AndroidManifest.xml:9:18-43
	android:allowBackup
		ADDED from src/main/AndroidManifest.xml:22:9-35
	android:icon
		ADDED from src/main/AndroidManifest.xml:23:9-45
	android:theme
		ADDED from src/main/AndroidManifest.xml:25:9-40
	android:name
		ADDED from src/main/AndroidManifest.xml:21:9-39
activity#com.sdl.hellosdlandroid.MainActivity
ADDED from src/main/AndroidManifest.xml:26:9-33:20
	android:label
		ADDED from src/main/AndroidManifest.xml:28:13-45
	android:name
		ADDED from src/main/AndroidManifest.xml:27:13-41
intent-filter#android.intent.action.MAIN+android.intent.category.LAUNCHER
ADDED from src/main/AndroidManifest.xml:29:13-32:29
action#android.intent.action.MAIN
ADDED from src/main/AndroidManifest.xml:30:17-69
	android:name
		ADDED from src/main/AndroidManifest.xml:30:25-66
category#android.intent.category.LAUNCHER
ADDED from src/main/AndroidManifest.xml:31:17-77
	android:name
		ADDED from src/main/AndroidManifest.xml:31:27-74
activity#com.sdl.hellosdlandroid.AudioActivity
ADDED from src/main/AndroidManifest.xml:34:9-41:20
	android:label
		ADDED from src/main/AndroidManifest.xml:36:13-57
	android:parentActivityName
		ADDED from src/main/AndroidManifest.xml:37:13-55
	android:name
		ADDED from src/main/AndroidManifest.xml:35:13-42
meta-data#android.support.PARENT_ACTIVITY
ADDED from src/main/AndroidManifest.xml:38:13-40:49
	android:value
		ADDED from src/main/AndroidManifest.xml:40:17-46
	android:name
		ADDED from src/main/AndroidManifest.xml:39:17-63
activity#com.sdl.hellosdlandroid.VideoActivity
ADDED from src/main/AndroidManifest.xml:43:9-50:20
	android:label
		ADDED from src/main/AndroidManifest.xml:45:13-57
	android:parentActivityName
		ADDED from src/main/AndroidManifest.xml:46:13-55
	android:name
		ADDED from src/main/AndroidManifest.xml:44:13-42
activity#com.sdl.hellosdlandroid.LockScreenActivity
ADDED from src/main/AndroidManifest.xml:52:9-56
	android:name
		ADDED from src/main/AndroidManifest.xml:52:19-53
service#com.sdl.hellosdlandroid.SdlService
ADDED from src/main/AndroidManifest.xml:54:9-56:38
	android:enabled
		ADDED from src/main/AndroidManifest.xml:56:13-35
	android:name
		ADDED from src/main/AndroidManifest.xml:55:13-39
service#com.sdl.hellosdlandroid.SdlRouterService
ADDED from src/main/AndroidManifest.xml:57:9-60:60
	android:process
		ADDED from src/main/AndroidManifest.xml:60:13-57
	android:exported
		ADDED from src/main/AndroidManifest.xml:59:13-36
	android:name
		ADDED from src/main/AndroidManifest.xml:58:13-45
receiver#com.sdl.hellosdlandroid.SdlReceiver
ADDED from src/main/AndroidManifest.xml:62:9-70:20
	android:name
		ADDED from src/main/AndroidManifest.xml:62:19-46
intent-filter#android.bluetooth.adapter.action.STATE_CHANGED+android.bluetooth.device.action.ACL_CONNECTED+android.intent.action.BOOT_COMPLETED+android.media.AUDIO_BECOMING_NOISY+sdl.router.startservice
ADDED from src/main/AndroidManifest.xml:63:13-69:29
action#android.intent.action.BOOT_COMPLETED
ADDED from src/main/AndroidManifest.xml:64:17-79
	android:name
		ADDED from src/main/AndroidManifest.xml:64:25-76
action#android.bluetooth.device.action.ACL_CONNECTED
ADDED from src/main/AndroidManifest.xml:65:17-88
	android:name
		ADDED from src/main/AndroidManifest.xml:65:25-85
action#android.bluetooth.adapter.action.STATE_CHANGED
ADDED from src/main/AndroidManifest.xml:66:17-89
	android:name
		ADDED from src/main/AndroidManifest.xml:66:25-86
action#android.media.AUDIO_BECOMING_NOISY
ADDED from src/main/AndroidManifest.xml:67:17-77
	android:name
		ADDED from src/main/AndroidManifest.xml:67:25-74
action#sdl.router.startservice
ADDED from src/main/AndroidManifest.xml:68:17-66
	android:name
		ADDED from src/main/AndroidManifest.xml:68:25-63